<?xml version="1.0" encoding="UTF-8"?>
<TestRun id="446f79b1-fe3e-4f64-8883-b4a7a284a306" name="silchu@NOTE 2012-04-17 20:40:45" runUser="NOTE\silchu" xmlns="http://microsoft.com/schemas/VisualStudio/TeamTest/2010">
  <TestSettings name="Default Test Settings" id="e73944b1-29b2-4b9e-96f2-52b9a6b8348d">
    <Deployment runDeploymentRoot="silchu_NOTE 2012-04-17 20_40_45">
      <DeploymentItem filename="C:\Program Files\NUnit 2.5.10\bin\net-2.0\framework\nunit.framework.dll" />
      <DeploymentItem filename="C:\Users\silchu\documents\visual studio 2010\Projects\DAE-Prode\DAE-Prode\bin\DAE-Prode.dll" />
      <DeploymentItem filename="C:\Program Files\NUnit 2.5.10\bin\net-2.0\framework\nunit.mocks.dll" />
    </Deployment>
    <Execution>
      <TestTypeSpecific />
      <AgentRule name="Execution Agents">
      </AgentRule>
    </Execution>
  </TestSettings>
  <Times creation="2012-04-17T20:40:45.0780408-03:00" queuing="2012-04-17T20:40:46.9761494-03:00" start="2012-04-17T20:40:47.2131629-03:00" finish="2012-04-17T20:40:49.5042940-03:00" />
  <ResultSummary outcome="Error">
    <Counters total="3" executed="3" error="3" failed="0" timeout="0" aborted="0" inconclusive="0" passedButRunAborted="0" notRunnable="0" notExecuted="0" disconnected="0" warning="0" passed="0" completed="0" inProgress="0" pending="0" />
  </ResultSummary>
  <TestDefinitions>
    <UnitTest name="TestMethod1" storage="c:\users\silchu\documents\visual studio 2010\projects\dae-prode\dae-prode.tests\bin\debug\dae-prode.tests.dll" id="75f16c1a-e515-a0ad-8404-da66183db6e6">
      <Execution id="3b84b58c-0420-48d0-8bde-9f2a4096eff0" />
      <TestMethod codeBase="C:/Users/silchu/documents/visual studio 2010/Projects/DAE-Prode/DAE-Prode.Tests/bin/Debug/DAE-Prode.Tests.DLL" adapterTypeName="Microsoft.VisualStudio.TestTools.TestTypes.Unit.UnitTestAdapter, Microsoft.VisualStudio.QualityTools.Tips.UnitTest.Adapter, Version=10.0.0.0, Culture=neutral, PublicKeyToken=b03f5f7f11d50a3a" className="DAE_Prode.Tests.UnitTest1, DAE-Prode.Tests, Version=1.0.0.0, Culture=neutral, PublicKeyToken=null" name="TestMethod1" />
    </UnitTest>
    <UnitTest name="Index" storage="c:\users\silchu\documents\visual studio 2010\projects\dae-prode\dae-prode.tests\bin\debug\dae-prode.tests.dll" id="4489632b-6ac8-62dc-15c0-186db1c528e5">
      <Execution id="c1ab9b52-8106-4c66-b56b-5b7a506e928f" />
      <TestMethod codeBase="C:/Users/silchu/documents/visual studio 2010/Projects/DAE-Prode/DAE-Prode.Tests/bin/Debug/DAE-Prode.Tests.DLL" adapterTypeName="Microsoft.VisualStudio.TestTools.TestTypes.Unit.UnitTestAdapter, Microsoft.VisualStudio.QualityTools.Tips.UnitTest.Adapter, Version=10.0.0.0, Culture=neutral, PublicKeyToken=b03f5f7f11d50a3a" className="DAE_Prode.Tests.Controllers.HomeControllerTest, DAE-Prode.Tests, Version=1.0.0.0, Culture=neutral, PublicKeyToken=null" name="Index" />
    </UnitTest>
    <UnitTest name="Reglamento" storage="c:\users\silchu\documents\visual studio 2010\projects\dae-prode\dae-prode.tests\bin\debug\dae-prode.tests.dll" id="a6e09be3-e6ef-26d3-3f2a-1def75c4dcad">
      <Execution id="0b7d1064-4fb7-4f2b-ac8e-2ed6cab3f8ee" />
      <TestMethod codeBase="C:/Users/silchu/documents/visual studio 2010/Projects/DAE-Prode/DAE-Prode.Tests/bin/Debug/DAE-Prode.Tests.DLL" adapterTypeName="Microsoft.VisualStudio.TestTools.TestTypes.Unit.UnitTestAdapter, Microsoft.VisualStudio.QualityTools.Tips.UnitTest.Adapter, Version=10.0.0.0, Culture=neutral, PublicKeyToken=b03f5f7f11d50a3a" className="DAE_Prode.Tests.Controllers.HomeControllerTest, DAE-Prode.Tests, Version=1.0.0.0, Culture=neutral, PublicKeyToken=null" name="Reglamento" />
    </UnitTest>
  </TestDefinitions>
  <TestLists>
    <TestList name="Results Not in a List" id="8c84fa94-04c1-424b-9868-57a2d4851a1d" />
    <TestList name="All Loaded Results" id="19431567-8539-422a-85d7-44ee4e166bda" />
  </TestLists>
  <TestEntries>
    <TestEntry testId="75f16c1a-e515-a0ad-8404-da66183db6e6" executionId="3b84b58c-0420-48d0-8bde-9f2a4096eff0" testListId="8c84fa94-04c1-424b-9868-57a2d4851a1d" />
    <TestEntry testId="4489632b-6ac8-62dc-15c0-186db1c528e5" executionId="c1ab9b52-8106-4c66-b56b-5b7a506e928f" testListId="8c84fa94-04c1-424b-9868-57a2d4851a1d" />
    <TestEntry testId="a6e09be3-e6ef-26d3-3f2a-1def75c4dcad" executionId="0b7d1064-4fb7-4f2b-ac8e-2ed6cab3f8ee" testListId="8c84fa94-04c1-424b-9868-57a2d4851a1d" />
  </TestEntries>
  <Results>
    <UnitTestResult executionId="3b84b58c-0420-48d0-8bde-9f2a4096eff0" testId="75f16c1a-e515-a0ad-8404-da66183db6e6" testName="TestMethod1" computerName="NOTE" startTime="2012-04-17T20:40:47.4211748-03:00" endTime="2012-04-17T20:40:48.0592113-03:00" testType="13cdc9d9-ddb5-4fa4-a97d-d965ccfc6d4b" testListId="8c84fa94-04c1-424b-9868-57a2d4851a1d" relativeResultsDirectory="3b84b58c-0420-48d0-8bde-9f2a4096eff0">
      <Output>
        <ErrorInfo>
          <Message>Unit Test Adapter threw exception: 
The type initializer for 'Microsoft.VisualStudio.TestTools.Diagnostics.EqtTrace' threw an exception.
Configuration system failed to initialize
Unrecognized configuration section sessionState. (C:\Users\silchu\documents\visual studio 2010\Projects\DAE-Prode\TestResults\silchu_NOTE 2012-04-17 20_40_45\Out\DAE-Prode.Tests.DLL.config line 20).</Message>
        </ErrorInfo>
      </Output>
    </UnitTestResult>
    <UnitTestResult executionId="c1ab9b52-8106-4c66-b56b-5b7a506e928f" testId="4489632b-6ac8-62dc-15c0-186db1c528e5" testName="Index" computerName="NOTE" startTime="2012-04-17T20:40:48.0732121-03:00" endTime="2012-04-17T20:40:48.6012423-03:00" testType="13cdc9d9-ddb5-4fa4-a97d-d965ccfc6d4b" testListId="8c84fa94-04c1-424b-9868-57a2d4851a1d" relativeResultsDirectory="c1ab9b52-8106-4c66-b56b-5b7a506e928f">
      <Output>
        <ErrorInfo>
          <Message>Unit Test Adapter threw exception: 
The type initializer for 'Microsoft.VisualStudio.TestTools.Diagnostics.EqtTrace' threw an exception.
Configuration system failed to initialize
Unrecognized configuration section sessionState. (C:\Users\silchu\documents\visual studio 2010\Projects\DAE-Prode\TestResults\silchu_NOTE 2012-04-17 20_40_45\Out\DAE-Prode.Tests.DLL.config line 20).</Message>
        </ErrorInfo>
      </Output>
    </UnitTestResult>
    <UnitTestResult executionId="0b7d1064-4fb7-4f2b-ac8e-2ed6cab3f8ee" testId="a6e09be3-e6ef-26d3-3f2a-1def75c4dcad" testName="Reglamento" computerName="NOTE" startTime="2012-04-17T20:40:48.6132430-03:00" endTime="2012-04-17T20:40:49.1202720-03:00" testType="13cdc9d9-ddb5-4fa4-a97d-d965ccfc6d4b" testListId="8c84fa94-04c1-424b-9868-57a2d4851a1d" relativeResultsDirectory="0b7d1064-4fb7-4f2b-ac8e-2ed6cab3f8ee">
      <Output>
        <ErrorInfo>
          <Message>Unit Test Adapter threw exception: 
The type initializer for 'Microsoft.VisualStudio.TestTools.Diagnostics.EqtTrace' threw an exception.
Configuration system failed to initialize
Unrecognized configuration section sessionState. (C:\Users\silchu\documents\visual studio 2010\Projects\DAE-Prode\TestResults\silchu_NOTE 2012-04-17 20_40_45\Out\DAE-Prode.Tests.DLL.config line 20).</Message>
        </ErrorInfo>
      </Output>
    </UnitTestResult>
  </Results>
</TestRun>