<?xml version="1.0" encoding="UTF-8"?>
<TestRun id="51c271ba-eb17-44a8-bec9-6deff0109412" name="silchu@NOTE 2012-04-15 11:13:19" runUser="NOTE\silchu" xmlns="http://microsoft.com/schemas/VisualStudio/TeamTest/2010">
  <TestSettings name="Default Test Settings" id="44f46370-4060-4753-a97d-701e9d50ce46">
    <Deployment runDeploymentRoot="silchu_NOTE 2012-04-15 11_13_19">
      <DeploymentItem filename="c:\users\silchu\documents\visual studio 2010\Projects\DAE-Prode\DAE-Prode\bin\DAE-Prode.dll" />
    </Deployment>
    <Execution>
      <TestTypeSpecific />
      <AgentRule name="Execution Agents">
      </AgentRule>
    </Execution>
  </TestSettings>
  <Times creation="2012-04-15T11:13:19.7169436-03:00" queuing="2012-04-15T11:13:21.3740384-03:00" start="2012-04-15T11:13:21.5080461-03:00" finish="2012-04-15T11:13:23.0051317-03:00" />
  <ResultSummary outcome="Completed">
    <Counters total="2" executed="2" passed="2" error="0" failed="0" timeout="0" aborted="0" inconclusive="0" passedButRunAborted="0" notRunnable="0" notExecuted="0" disconnected="0" warning="0" completed="0" inProgress="0" pending="0" />
  </ResultSummary>
  <TestDefinitions>
    <UnitTest name="About" storage="c:\users\silchu\documents\visual studio 2010\projects\dae-prode\dae-prode.tests\bin\debug\dae-prode.tests.dll" id="a29a10fa-36e9-0647-2204-92b9feb66aaa">
      <Execution id="ca4ec37c-b619-4104-8b20-dd09d313dfb6" />
      <TestMethod codeBase="c:/users/silchu/documents/visual studio 2010/Projects/DAE-Prode/DAE-Prode.Tests/bin/Debug/DAE-Prode.Tests.DLL" adapterTypeName="Microsoft.VisualStudio.TestTools.TestTypes.Unit.UnitTestAdapter, Microsoft.VisualStudio.QualityTools.Tips.UnitTest.Adapter, Version=10.0.0.0, Culture=neutral, PublicKeyToken=b03f5f7f11d50a3a" className="DAE_Prode.Tests.Controllers.HomeControllerTest, DAE-Prode.Tests, Version=1.0.0.0, Culture=neutral, PublicKeyToken=null" name="About" />
    </UnitTest>
    <UnitTest name="Index" storage="c:\users\silchu\documents\visual studio 2010\projects\dae-prode\dae-prode.tests\bin\debug\dae-prode.tests.dll" id="4489632b-6ac8-62dc-15c0-186db1c528e5">
      <Execution id="55f34fa1-3f03-45ec-a177-431072708904" />
      <TestMethod codeBase="c:/users/silchu/documents/visual studio 2010/Projects/DAE-Prode/DAE-Prode.Tests/bin/Debug/DAE-Prode.Tests.DLL" adapterTypeName="Microsoft.VisualStudio.TestTools.TestTypes.Unit.UnitTestAdapter, Microsoft.VisualStudio.QualityTools.Tips.UnitTest.Adapter, Version=10.0.0.0, Culture=neutral, PublicKeyToken=b03f5f7f11d50a3a" className="DAE_Prode.Tests.Controllers.HomeControllerTest, DAE-Prode.Tests, Version=1.0.0.0, Culture=neutral, PublicKeyToken=null" name="Index" />
    </UnitTest>
  </TestDefinitions>
  <TestLists>
    <TestList name="Results Not in a List" id="8c84fa94-04c1-424b-9868-57a2d4851a1d" />
    <TestList name="All Loaded Results" id="19431567-8539-422a-85d7-44ee4e166bda" />
  </TestLists>
  <TestEntries>
    <TestEntry testId="4489632b-6ac8-62dc-15c0-186db1c528e5" executionId="55f34fa1-3f03-45ec-a177-431072708904" testListId="8c84fa94-04c1-424b-9868-57a2d4851a1d" />
    <TestEntry testId="a29a10fa-36e9-0647-2204-92b9feb66aaa" executionId="ca4ec37c-b619-4104-8b20-dd09d313dfb6" testListId="8c84fa94-04c1-424b-9868-57a2d4851a1d" />
  </TestEntries>
  <Results>
    <UnitTestResult executionId="55f34fa1-3f03-45ec-a177-431072708904" testId="4489632b-6ac8-62dc-15c0-186db1c528e5" testName="Index" computerName="NOTE" duration="00:00:00.3273553" startTime="2012-04-15T11:13:21.6190524-03:00" endTime="2012-04-15T11:13:22.8621235-03:00" testType="13cdc9d9-ddb5-4fa4-a97d-d965ccfc6d4b" outcome="Passed" testListId="8c84fa94-04c1-424b-9868-57a2d4851a1d" relativeResultsDirectory="55f34fa1-3f03-45ec-a177-431072708904">
    </UnitTestResult>
    <UnitTestResult executionId="ca4ec37c-b619-4104-8b20-dd09d313dfb6" testId="a29a10fa-36e9-0647-2204-92b9feb66aaa" testName="About" computerName="NOTE" duration="00:00:00.0003675" startTime="2012-04-15T11:13:22.8791245-03:00" endTime="2012-04-15T11:13:22.9021258-03:00" testType="13cdc9d9-ddb5-4fa4-a97d-d965ccfc6d4b" outcome="Passed" testListId="8c84fa94-04c1-424b-9868-57a2d4851a1d" relativeResultsDirectory="ca4ec37c-b619-4104-8b20-dd09d313dfb6">
    </UnitTestResult>
  </Results>
</TestRun>