<?xml version="1.0" encoding="UTF-8"?>
<TestRun id="0407f64f-a1b5-4ab0-8559-6e0c117d8fa4" name="silchu@NOTE 2012-04-15 13:51:40" runUser="NOTE\silchu" xmlns="http://microsoft.com/schemas/VisualStudio/TeamTest/2010">
  <TestSettings name="Default Test Settings" id="a3f51ade-7e07-4bb1-a383-5f4526638ef4">
    <Deployment runDeploymentRoot="silchu_NOTE 2012-04-15 13_51_40">
      <DeploymentItem filename="c:\users\silchu\documents\visual studio 2010\Projects\DAE-Prode\DAE-Prode\bin\DAE-Prode.dll" />
    </Deployment>
    <Execution>
      <TestTypeSpecific />
      <AgentRule name="Execution Agents">
      </AgentRule>
    </Execution>
  </TestSettings>
  <Times creation="2012-04-15T13:51:40.6963685-03:00" queuing="2012-04-15T13:51:42.5954772-03:00" start="2012-04-15T13:51:42.7084836-03:00" finish="2012-04-15T13:52:36.9195843-03:00" />
  <ResultSummary outcome="Failed">
    <Counters total="3" executed="3" passed="2" error="0" failed="1" timeout="0" aborted="0" inconclusive="0" passedButRunAborted="0" notRunnable="0" notExecuted="0" disconnected="0" warning="0" completed="0" inProgress="0" pending="0" />
  </ResultSummary>
  <TestDefinitions>
    <UnitTest name="About" storage="c:\users\silchu\documents\visual studio 2010\projects\dae-prode\dae-prode.tests\bin\debug\dae-prode.tests.dll" id="0fb29272-df25-0702-5e1f-30eaaa2cfaca">
      <Execution id="588fd39f-2570-485e-9420-e41e89ac6049" />
      <TestMethod codeBase="c:/users/silchu/documents/visual studio 2010/Projects/DAE-Prode/DAE-Prode.Tests/bin/Debug/DAE-Prode.Tests.DLL" adapterTypeName="Microsoft.VisualStudio.TestTools.TestTypes.Unit.UnitTestAdapter, Microsoft.VisualStudio.QualityTools.Tips.UnitTest.Adapter, Version=10.0.0.0, Culture=neutral, PublicKeyToken=b03f5f7f11d50a3a" className="DAE_Prode.Tests.Controllers.Home2ControllerTest, DAE-Prode.Tests, Version=1.0.0.0, Culture=neutral, PublicKeyToken=null" name="About" />
    </UnitTest>
    <UnitTest name="Index" storage="c:\users\silchu\documents\visual studio 2010\projects\dae-prode\dae-prode.tests\bin\debug\dae-prode.tests.dll" id="4489632b-6ac8-62dc-15c0-186db1c528e5">
      <Execution id="65a49c56-bb55-44b4-8944-eb21c2da2cb6" />
      <TestMethod codeBase="c:/users/silchu/documents/visual studio 2010/Projects/DAE-Prode/DAE-Prode.Tests/bin/Debug/DAE-Prode.Tests.DLL" adapterTypeName="Microsoft.VisualStudio.TestTools.TestTypes.Unit.UnitTestAdapter, Microsoft.VisualStudio.QualityTools.Tips.UnitTest.Adapter, Version=10.0.0.0, Culture=neutral, PublicKeyToken=b03f5f7f11d50a3a" className="DAE_Prode.Tests.Controllers.HomeControllerTest, DAE-Prode.Tests, Version=1.0.0.0, Culture=neutral, PublicKeyToken=null" name="Index" />
    </UnitTest>
    <UnitTest name="Index" storage="c:\users\silchu\documents\visual studio 2010\projects\dae-prode\dae-prode.tests\bin\debug\dae-prode.tests.dll" id="0aa1b84c-924b-659b-e51f-7fbe5012ffdd">
      <Execution id="cf6062a8-a102-4858-8872-4de022b718ac" />
      <TestMethod codeBase="c:/users/silchu/documents/visual studio 2010/Projects/DAE-Prode/DAE-Prode.Tests/bin/Debug/DAE-Prode.Tests.DLL" adapterTypeName="Microsoft.VisualStudio.TestTools.TestTypes.Unit.UnitTestAdapter, Microsoft.VisualStudio.QualityTools.Tips.UnitTest.Adapter, Version=10.0.0.0, Culture=neutral, PublicKeyToken=b03f5f7f11d50a3a" className="DAE_Prode.Tests.Controllers.Home2ControllerTest, DAE-Prode.Tests, Version=1.0.0.0, Culture=neutral, PublicKeyToken=null" name="Index" />
    </UnitTest>
  </TestDefinitions>
  <TestLists>
    <TestList name="Results Not in a List" id="8c84fa94-04c1-424b-9868-57a2d4851a1d" />
    <TestList name="All Loaded Results" id="19431567-8539-422a-85d7-44ee4e166bda" />
  </TestLists>
  <TestEntries>
    <TestEntry testId="4489632b-6ac8-62dc-15c0-186db1c528e5" executionId="65a49c56-bb55-44b4-8944-eb21c2da2cb6" testListId="8c84fa94-04c1-424b-9868-57a2d4851a1d" />
    <TestEntry testId="0aa1b84c-924b-659b-e51f-7fbe5012ffdd" executionId="cf6062a8-a102-4858-8872-4de022b718ac" testListId="8c84fa94-04c1-424b-9868-57a2d4851a1d" />
    <TestEntry testId="0fb29272-df25-0702-5e1f-30eaaa2cfaca" executionId="588fd39f-2570-485e-9420-e41e89ac6049" testListId="8c84fa94-04c1-424b-9868-57a2d4851a1d" />
  </TestEntries>
  <Results>
    <UnitTestResult executionId="65a49c56-bb55-44b4-8944-eb21c2da2cb6" testId="4489632b-6ac8-62dc-15c0-186db1c528e5" testName="Index" computerName="NOTE" duration="00:00:52.7691332" startTime="2012-04-15T13:51:42.8564921-03:00" endTime="2012-04-15T13:52:36.5455629-03:00" testType="13cdc9d9-ddb5-4fa4-a97d-d965ccfc6d4b" outcome="Failed" testListId="8c84fa94-04c1-424b-9868-57a2d4851a1d" relativeResultsDirectory="65a49c56-bb55-44b4-8944-eb21c2da2cb6">
      <Output>
        <ErrorInfo>
          <Message>Test method DAE_Prode.Tests.Controllers.HomeControllerTest.Index threw exception: 
System.NullReferenceException: Object reference not set to an instance of an object.</Message>
          <StackTrace>    at DAE_Prode.Models.PRODEDataContext..ctor() in c:\users\silchu\documents\visual studio 2010\Projects\DAE-Prode\DAE-Prode\Models\PRODE.designer.cs:line 65
   at DAE_Prode.Controllers.HomeController..ctor() in c:\users\silchu\documents\visual studio 2010\Projects\DAE-Prode\DAE-Prode\Controllers\HomeController.cs:line 13
   at DAE_Prode.Tests.Controllers.HomeControllerTest.Index() in c:\users\silchu\documents\visual studio 2010\Projects\DAE-Prode\DAE-Prode.Tests\Controllers\HomeControllerTest.cs:line 19
</StackTrace>
        </ErrorInfo>
      </Output>
    </UnitTestResult>
    <UnitTestResult executionId="cf6062a8-a102-4858-8872-4de022b718ac" testId="0aa1b84c-924b-659b-e51f-7fbe5012ffdd" testName="Index" computerName="NOTE" duration="00:00:00.2002744" startTime="2012-04-15T13:52:36.5655641-03:00" endTime="2012-04-15T13:52:36.7825765-03:00" testType="13cdc9d9-ddb5-4fa4-a97d-d965ccfc6d4b" outcome="Passed" testListId="8c84fa94-04c1-424b-9868-57a2d4851a1d" relativeResultsDirectory="cf6062a8-a102-4858-8872-4de022b718ac">
    </UnitTestResult>
    <UnitTestResult executionId="588fd39f-2570-485e-9420-e41e89ac6049" testId="0fb29272-df25-0702-5e1f-30eaaa2cfaca" testName="About" computerName="NOTE" duration="00:00:00.0004763" startTime="2012-04-15T13:52:36.7945772-03:00" endTime="2012-04-15T13:52:36.8155784-03:00" testType="13cdc9d9-ddb5-4fa4-a97d-d965ccfc6d4b" outcome="Passed" testListId="8c84fa94-04c1-424b-9868-57a2d4851a1d" relativeResultsDirectory="588fd39f-2570-485e-9420-e41e89ac6049">
    </UnitTestResult>
  </Results>
</TestRun>