<?xml version="1.0" encoding="UTF-8"?>
<TestRun id="b52d845b-4359-47b1-b788-430e7fce106b" name="silchu@NOTE 2012-04-15 14:04:15" runUser="NOTE\silchu" xmlns="http://microsoft.com/schemas/VisualStudio/TeamTest/2010">
  <TestSettings name="Default Test Settings" id="27e7e9a7-10f4-458a-8ef0-5b9c56db44cb">
    <Deployment userDeploymentRoot="c:\users\silchu\documents\visual studio 2010\Projects\DAE-Prode\TestResults" useDefaultDeploymentRoot="false" runDeploymentRoot="silchu_NOTE 2012-04-15 14_04_15">
      <DeploymentItem filename="c:\users\silchu\documents\visual studio 2010\Projects\DAE-Prode\DAE-Prode\bin\DAE-Prode.dll" />
    </Deployment>
    <Execution>
      <TestTypeSpecific />
      <AgentRule name="Execution Agents">
      </AgentRule>
    </Execution>
  </TestSettings>
  <Times creation="2012-04-15T14:04:15.2405260-03:00" queuing="2012-04-15T14:04:15.7485551-03:00" start="2012-04-15T14:04:15.7685562-03:00" finish="2012-04-15T14:04:16.5466007-03:00" />
  <ResultSummary outcome="Failed">
    <Counters total="1" executed="1" error="0" failed="1" timeout="0" aborted="0" inconclusive="0" passedButRunAborted="0" notRunnable="0" notExecuted="0" disconnected="0" warning="0" passed="0" completed="0" inProgress="0" pending="0" />
  </ResultSummary>
  <TestDefinitions>
    <UnitTest name="Index" storage="c:\users\silchu\documents\visual studio 2010\projects\dae-prode\testresults\silchu_note 2012-04-15 14_04_10\out\dae-prode.tests.dll" id="4489632b-6ac8-62dc-15c0-186db1c528e5">
      <Execution id="e4566b1e-9d43-425f-bada-ce5a68839132" />
      <TestMethod codeBase="c:/users/silchu/documents/visual studio 2010/Projects/DAE-Prode/DAE-Prode.Tests/bin/Debug/DAE-Prode.Tests.DLL" adapterTypeName="Microsoft.VisualStudio.TestTools.TestTypes.Unit.UnitTestAdapter, Microsoft.VisualStudio.QualityTools.Tips.UnitTest.Adapter, Version=10.0.0.0, Culture=neutral, PublicKeyToken=b03f5f7f11d50a3a" className="DAE_Prode.Tests.Controllers.HomeControllerTest, DAE-Prode.Tests, Version=1.0.0.0, Culture=neutral, PublicKeyToken=null" name="Index" />
    </UnitTest>
  </TestDefinitions>
  <TestLists>
    <TestList name="Results Not in a List" id="8c84fa94-04c1-424b-9868-57a2d4851a1d" />
    <TestList name="All Loaded Results" id="19431567-8539-422a-85d7-44ee4e166bda" />
  </TestLists>
  <TestEntries>
    <TestEntry testId="4489632b-6ac8-62dc-15c0-186db1c528e5" executionId="e4566b1e-9d43-425f-bada-ce5a68839132" testListId="8c84fa94-04c1-424b-9868-57a2d4851a1d" />
  </TestEntries>
  <Results>
    <UnitTestResult executionId="e4566b1e-9d43-425f-bada-ce5a68839132" testId="4489632b-6ac8-62dc-15c0-186db1c528e5" testName="Index" computerName="NOTE" duration="00:00:00.4231890" startTime="2012-04-15T14:04:15.7725564-03:00" endTime="2012-04-15T14:04:16.5205992-03:00" testType="13cdc9d9-ddb5-4fa4-a97d-d965ccfc6d4b" outcome="Failed" testListId="8c84fa94-04c1-424b-9868-57a2d4851a1d" relativeResultsDirectory="e4566b1e-9d43-425f-bada-ce5a68839132">
      <Output>
        <ErrorInfo>
          <Message>Test method DAE_Prode.Tests.Controllers.HomeControllerTest.Index threw exception: 
System.NullReferenceException: Object reference not set to an instance of an object.</Message>
          <StackTrace>    at DAE_Prode.Models.PRODEDataContext..ctor() in c:\users\silchu\documents\visual studio 2010\Projects\DAE-Prode\DAE-Prode\Models\PRODE.designer.cs:line 65
   at DAE_Prode.Controllers.HomeController..ctor() in c:\users\silchu\documents\visual studio 2010\Projects\DAE-Prode\DAE-Prode\Controllers\HomeController.cs:line 13
   at DAE_Prode.Tests.Controllers.HomeControllerTest.Index() in c:\users\silchu\documents\visual studio 2010\Projects\DAE-Prode\DAE-Prode.Tests\Controllers\HomeControllerTest.cs:line 19
</StackTrace>
        </ErrorInfo>
      </Output>
    </UnitTestResult>
  </Results>
</TestRun>