<?xml version="1.0" encoding="UTF-8"?>
<TestRun id="00e037f1-3a73-4b87-9f42-538339229b82" name="silchu@NOTE 2012-04-15 14:03:37" runUser="NOTE\silchu" xmlns="http://microsoft.com/schemas/VisualStudio/TeamTest/2010">
  <TestSettings name="Default Test Settings" id="27e7e9a7-10f4-458a-8ef0-5b9c56db44cb">
    <Deployment userDeploymentRoot="c:\users\silchu\documents\visual studio 2010\Projects\DAE-Prode\TestResults" useDefaultDeploymentRoot="false" runDeploymentRoot="silchu_NOTE 2012-04-15 14_03_37">
      <DeploymentItem filename="c:\users\silchu\documents\visual studio 2010\Projects\DAE-Prode\DAE-Prode\bin\DAE-Prode.dll" />
    </Deployment>
    <Execution>
      <TestTypeSpecific />
      <AgentRule name="Execution Agents">
      </AgentRule>
    </Execution>
  </TestSettings>
  <Times creation="2012-04-15T14:03:37.5093679-03:00" queuing="2012-04-15T14:03:37.7563820-03:00" start="2012-04-15T14:03:37.7753831-03:00" finish="2012-04-15T14:03:38.6134311-03:00" />
  <ResultSummary outcome="Failed">
    <Counters total="3" executed="3" passed="2" error="0" failed="1" timeout="0" aborted="0" inconclusive="0" passedButRunAborted="0" notRunnable="0" notExecuted="0" disconnected="0" warning="0" completed="0" inProgress="0" pending="0" />
  </ResultSummary>
  <TestDefinitions>
    <UnitTest name="About" storage="c:\users\silchu\documents\visual studio 2010\projects\dae-prode\dae-prode.tests\bin\debug\dae-prode.tests.dll" id="0fb29272-df25-0702-5e1f-30eaaa2cfaca">
      <Execution id="5b6ca8b5-9373-4a2d-8043-cb907b26206b" />
      <TestMethod codeBase="c:/users/silchu/documents/visual studio 2010/Projects/DAE-Prode/DAE-Prode.Tests/bin/Debug/DAE-Prode.Tests.DLL" adapterTypeName="Microsoft.VisualStudio.TestTools.TestTypes.Unit.UnitTestAdapter, Microsoft.VisualStudio.QualityTools.Tips.UnitTest.Adapter, Version=10.0.0.0, Culture=neutral, PublicKeyToken=b03f5f7f11d50a3a" className="DAE_Prode.Tests.Controllers.Home2ControllerTest, DAE-Prode.Tests, Version=1.0.0.0, Culture=neutral, PublicKeyToken=null" name="About" />
    </UnitTest>
    <UnitTest name="Index" storage="c:\users\silchu\documents\visual studio 2010\projects\dae-prode\dae-prode.tests\bin\debug\dae-prode.tests.dll" id="4489632b-6ac8-62dc-15c0-186db1c528e5">
      <Execution id="dd17b52e-2937-4cec-876e-9376c493e577" />
      <TestMethod codeBase="c:/users/silchu/documents/visual studio 2010/Projects/DAE-Prode/DAE-Prode.Tests/bin/Debug/DAE-Prode.Tests.DLL" adapterTypeName="Microsoft.VisualStudio.TestTools.TestTypes.Unit.UnitTestAdapter, Microsoft.VisualStudio.QualityTools.Tips.UnitTest.Adapter, Version=10.0.0.0, Culture=neutral, PublicKeyToken=b03f5f7f11d50a3a" className="DAE_Prode.Tests.Controllers.HomeControllerTest, DAE-Prode.Tests, Version=1.0.0.0, Culture=neutral, PublicKeyToken=null" name="Index" />
    </UnitTest>
    <UnitTest name="Index" storage="c:\users\silchu\documents\visual studio 2010\projects\dae-prode\dae-prode.tests\bin\debug\dae-prode.tests.dll" id="0aa1b84c-924b-659b-e51f-7fbe5012ffdd">
      <Execution id="bc83f188-a71d-49c4-bbc0-e36b831b2a7a" />
      <TestMethod codeBase="c:/users/silchu/documents/visual studio 2010/Projects/DAE-Prode/DAE-Prode.Tests/bin/Debug/DAE-Prode.Tests.DLL" adapterTypeName="Microsoft.VisualStudio.TestTools.TestTypes.Unit.UnitTestAdapter, Microsoft.VisualStudio.QualityTools.Tips.UnitTest.Adapter, Version=10.0.0.0, Culture=neutral, PublicKeyToken=b03f5f7f11d50a3a" className="DAE_Prode.Tests.Controllers.Home2ControllerTest, DAE-Prode.Tests, Version=1.0.0.0, Culture=neutral, PublicKeyToken=null" name="Index" />
    </UnitTest>
  </TestDefinitions>
  <TestLists>
    <TestList name="Results Not in a List" id="8c84fa94-04c1-424b-9868-57a2d4851a1d" />
    <TestList name="All Loaded Results" id="19431567-8539-422a-85d7-44ee4e166bda" />
  </TestLists>
  <TestEntries>
    <TestEntry testId="0fb29272-df25-0702-5e1f-30eaaa2cfaca" executionId="5b6ca8b5-9373-4a2d-8043-cb907b26206b" testListId="8c84fa94-04c1-424b-9868-57a2d4851a1d" />
    <TestEntry testId="4489632b-6ac8-62dc-15c0-186db1c528e5" executionId="dd17b52e-2937-4cec-876e-9376c493e577" testListId="8c84fa94-04c1-424b-9868-57a2d4851a1d" />
    <TestEntry testId="0aa1b84c-924b-659b-e51f-7fbe5012ffdd" executionId="bc83f188-a71d-49c4-bbc0-e36b831b2a7a" testListId="8c84fa94-04c1-424b-9868-57a2d4851a1d" />
  </TestEntries>
  <Results>
    <UnitTestResult executionId="5b6ca8b5-9373-4a2d-8043-cb907b26206b" testId="0fb29272-df25-0702-5e1f-30eaaa2cfaca" testName="About" computerName="NOTE" duration="00:00:00.0338808" startTime="2012-04-15T14:03:37.7963843-03:00" endTime="2012-04-15T14:03:38.4964244-03:00" testType="13cdc9d9-ddb5-4fa4-a97d-d965ccfc6d4b" outcome="Passed" testListId="8c84fa94-04c1-424b-9868-57a2d4851a1d" relativeResultsDirectory="5b6ca8b5-9373-4a2d-8043-cb907b26206b">
    </UnitTestResult>
    <UnitTestResult executionId="dd17b52e-2937-4cec-876e-9376c493e577" testId="4489632b-6ac8-62dc-15c0-186db1c528e5" testName="Index" computerName="NOTE" duration="00:00:00.0279381" startTime="2012-04-15T14:03:38.5034248-03:00" endTime="2012-04-15T14:03:38.5384268-03:00" testType="13cdc9d9-ddb5-4fa4-a97d-d965ccfc6d4b" outcome="Failed" testListId="8c84fa94-04c1-424b-9868-57a2d4851a1d" relativeResultsDirectory="dd17b52e-2937-4cec-876e-9376c493e577">
      <Output>
        <ErrorInfo>
          <Message>Test method DAE_Prode.Tests.Controllers.HomeControllerTest.Index threw exception: 
System.NullReferenceException: Object reference not set to an instance of an object.</Message>
          <StackTrace>    at DAE_Prode.Models.PRODEDataContext..ctor() in c:\users\silchu\documents\visual studio 2010\Projects\DAE-Prode\DAE-Prode\Models\PRODE.designer.cs:line 65
   at DAE_Prode.Controllers.HomeController..ctor() in c:\users\silchu\documents\visual studio 2010\Projects\DAE-Prode\DAE-Prode\Controllers\HomeController.cs:line 13
   at DAE_Prode.Tests.Controllers.HomeControllerTest.Index() in c:\users\silchu\documents\visual studio 2010\Projects\DAE-Prode\DAE-Prode.Tests\Controllers\HomeControllerTest.cs:line 19
</StackTrace>
        </ErrorInfo>
      </Output>
    </UnitTestResult>
    <UnitTestResult executionId="bc83f188-a71d-49c4-bbc0-e36b831b2a7a" testId="0aa1b84c-924b-659b-e51f-7fbe5012ffdd" testName="Index" computerName="NOTE" duration="00:00:00.0360468" startTime="2012-04-15T14:03:38.5404269-03:00" endTime="2012-04-15T14:03:38.5834293-03:00" testType="13cdc9d9-ddb5-4fa4-a97d-d965ccfc6d4b" outcome="Passed" testListId="8c84fa94-04c1-424b-9868-57a2d4851a1d" relativeResultsDirectory="bc83f188-a71d-49c4-bbc0-e36b831b2a7a">
    </UnitTestResult>
  </Results>
</TestRun>