<?xml version="1.0" encoding="UTF-8"?>
<TestRun id="47221379-e540-4cb8-b665-17527f1890f6" name="silchu@NOTE 2012-04-17 20:45:32" runUser="NOTE\silchu" xmlns="http://microsoft.com/schemas/VisualStudio/TeamTest/2010">
  <TestSettings name="Default Test Settings" id="9f8cf484-8b27-4610-aca2-cd42a1c0512d">
    <Deployment userDeploymentRoot="C:\Users\silchu\documents\visual studio 2010\Projects\DAE-Prode\TestResults" useDefaultDeploymentRoot="false" runDeploymentRoot="silchu_NOTE 2012-04-17 20_45_32">
      <DeploymentItem filename="C:\Program Files\NUnit 2.5.10\bin\net-2.0\framework\nunit.framework.dll" />
      <DeploymentItem filename="C:\Users\silchu\documents\visual studio 2010\Projects\DAE-Prode\DAE-Prode\bin\DAE-Prode.dll" />
      <DeploymentItem filename="C:\Program Files\NUnit 2.5.10\bin\net-2.0\framework\nunit.mocks.dll" />
    </Deployment>
    <Execution>
      <TestTypeSpecific />
      <AgentRule name="Execution Agents">
      </AgentRule>
    </Execution>
  </TestSettings>
  <Times creation="2012-04-17T20:45:32.5014805-03:00" queuing="2012-04-17T20:45:32.6674900-03:00" start="2012-04-17T20:45:32.6884912-03:00" finish="2012-04-17T20:45:33.3185272-03:00" />
  <ResultSummary outcome="Failed">
    <Counters total="3" executed="3" passed="2" error="0" failed="1" timeout="0" aborted="0" inconclusive="0" passedButRunAborted="0" notRunnable="0" notExecuted="0" disconnected="0" warning="0" completed="0" inProgress="0" pending="0" />
  </ResultSummary>
  <TestDefinitions>
    <UnitTest name="TestMethod1" storage="c:\users\silchu\documents\visual studio 2010\projects\dae-prode\dae-prode.tests\bin\debug\dae-prode.tests.dll" id="75f16c1a-e515-a0ad-8404-da66183db6e6">
      <Execution id="c7334ee2-b6be-4e7c-8f8b-027c920deb5e" />
      <TestMethod codeBase="C:/Users/silchu/documents/visual studio 2010/Projects/DAE-Prode/DAE-Prode.Tests/bin/Debug/DAE-Prode.Tests.DLL" adapterTypeName="Microsoft.VisualStudio.TestTools.TestTypes.Unit.UnitTestAdapter, Microsoft.VisualStudio.QualityTools.Tips.UnitTest.Adapter, Version=10.0.0.0, Culture=neutral, PublicKeyToken=b03f5f7f11d50a3a" className="DAE_Prode.Tests.UnitTest1, DAE-Prode.Tests, Version=1.0.0.0, Culture=neutral, PublicKeyToken=null" name="TestMethod1" />
    </UnitTest>
    <UnitTest name="Index" storage="c:\users\silchu\documents\visual studio 2010\projects\dae-prode\dae-prode.tests\bin\debug\dae-prode.tests.dll" id="4489632b-6ac8-62dc-15c0-186db1c528e5">
      <Execution id="4f60f842-5af6-42bf-95eb-336bcaa03b63" />
      <TestMethod codeBase="C:/Users/silchu/documents/visual studio 2010/Projects/DAE-Prode/DAE-Prode.Tests/bin/Debug/DAE-Prode.Tests.DLL" adapterTypeName="Microsoft.VisualStudio.TestTools.TestTypes.Unit.UnitTestAdapter, Microsoft.VisualStudio.QualityTools.Tips.UnitTest.Adapter, Version=10.0.0.0, Culture=neutral, PublicKeyToken=b03f5f7f11d50a3a" className="DAE_Prode.Tests.Controllers.HomeControllerTest, DAE-Prode.Tests, Version=1.0.0.0, Culture=neutral, PublicKeyToken=null" name="Index" />
    </UnitTest>
    <UnitTest name="Reglamento" storage="c:\users\silchu\documents\visual studio 2010\projects\dae-prode\dae-prode.tests\bin\debug\dae-prode.tests.dll" id="a6e09be3-e6ef-26d3-3f2a-1def75c4dcad">
      <Execution id="8a78c849-f794-4d56-ae4f-ccf66ded572f" />
      <TestMethod codeBase="C:/Users/silchu/documents/visual studio 2010/Projects/DAE-Prode/DAE-Prode.Tests/bin/Debug/DAE-Prode.Tests.DLL" adapterTypeName="Microsoft.VisualStudio.TestTools.TestTypes.Unit.UnitTestAdapter, Microsoft.VisualStudio.QualityTools.Tips.UnitTest.Adapter, Version=10.0.0.0, Culture=neutral, PublicKeyToken=b03f5f7f11d50a3a" className="DAE_Prode.Tests.Controllers.HomeControllerTest, DAE-Prode.Tests, Version=1.0.0.0, Culture=neutral, PublicKeyToken=null" name="Reglamento" />
    </UnitTest>
  </TestDefinitions>
  <TestLists>
    <TestList name="Results Not in a List" id="8c84fa94-04c1-424b-9868-57a2d4851a1d" />
    <TestList name="All Loaded Results" id="19431567-8539-422a-85d7-44ee4e166bda" />
  </TestLists>
  <TestEntries>
    <TestEntry testId="4489632b-6ac8-62dc-15c0-186db1c528e5" executionId="4f60f842-5af6-42bf-95eb-336bcaa03b63" testListId="8c84fa94-04c1-424b-9868-57a2d4851a1d" />
    <TestEntry testId="a6e09be3-e6ef-26d3-3f2a-1def75c4dcad" executionId="8a78c849-f794-4d56-ae4f-ccf66ded572f" testListId="8c84fa94-04c1-424b-9868-57a2d4851a1d" />
    <TestEntry testId="75f16c1a-e515-a0ad-8404-da66183db6e6" executionId="c7334ee2-b6be-4e7c-8f8b-027c920deb5e" testListId="8c84fa94-04c1-424b-9868-57a2d4851a1d" />
  </TestEntries>
  <Results>
    <UnitTestResult executionId="4f60f842-5af6-42bf-95eb-336bcaa03b63" testId="4489632b-6ac8-62dc-15c0-186db1c528e5" testName="Index" computerName="NOTE" duration="00:00:00.1090663" startTime="2012-04-17T20:45:32.7074923-03:00" endTime="2012-04-17T20:45:33.1995204-03:00" testType="13cdc9d9-ddb5-4fa4-a97d-d965ccfc6d4b" outcome="Failed" testListId="8c84fa94-04c1-424b-9868-57a2d4851a1d" relativeResultsDirectory="4f60f842-5af6-42bf-95eb-336bcaa03b63">
      <Output>
        <ErrorInfo>
          <Message>Test method DAE_Prode.Tests.Controllers.HomeControllerTest.Index threw exception: 
System.NullReferenceException: Object reference not set to an instance of an object.</Message>
          <StackTrace>    at DAE_Prode.Tests.Controllers.HomeControllerTest.Index() in C:\Users\silchu\documents\visual studio 2010\Projects\DAE-Prode\DAE-Prode.Tests\Controllers\HomeControllerTest.cs:line 30
</StackTrace>
        </ErrorInfo>
      </Output>
    </UnitTestResult>
    <UnitTestResult executionId="8a78c849-f794-4d56-ae4f-ccf66ded572f" testId="a6e09be3-e6ef-26d3-3f2a-1def75c4dcad" testName="Reglamento" computerName="NOTE" duration="00:00:00.0012015" startTime="2012-04-17T20:45:33.2015205-03:00" endTime="2012-04-17T20:45:33.2135212-03:00" testType="13cdc9d9-ddb5-4fa4-a97d-d965ccfc6d4b" outcome="Passed" testListId="8c84fa94-04c1-424b-9868-57a2d4851a1d" relativeResultsDirectory="8a78c849-f794-4d56-ae4f-ccf66ded572f">
    </UnitTestResult>
    <UnitTestResult executionId="c7334ee2-b6be-4e7c-8f8b-027c920deb5e" testId="75f16c1a-e515-a0ad-8404-da66183db6e6" testName="TestMethod1" computerName="NOTE" duration="00:00:00.0014001" startTime="2012-04-17T20:45:33.2195216-03:00" endTime="2012-04-17T20:45:33.2395227-03:00" testType="13cdc9d9-ddb5-4fa4-a97d-d965ccfc6d4b" outcome="Passed" testListId="8c84fa94-04c1-424b-9868-57a2d4851a1d" relativeResultsDirectory="c7334ee2-b6be-4e7c-8f8b-027c920deb5e">
    </UnitTestResult>
  </Results>
</TestRun>