<?xml version="1.0" encoding="UTF-8"?>
<TestRun id="b5239e0c-96b2-41f1-897e-97ecc889409b" name="silchu@NOTE 2012-04-15 14:48:18" runUser="NOTE\silchu" xmlns="http://microsoft.com/schemas/VisualStudio/TeamTest/2010">
  <TestSettings name="Default Test Settings" id="762ae3c1-14c6-4e2b-b960-9a14e3ff028c">
    <Deployment userDeploymentRoot="c:\users\silchu\documents\visual studio 2010\Projects\DAE-Prode\TestResults" useDefaultDeploymentRoot="false" runDeploymentRoot="silchu_NOTE 2012-04-15 14_48_18">
      <DeploymentItem filename="c:\users\silchu\documents\visual studio 2010\Projects\DAE-Prode\DAE-Prode\bin\DAE-Prode.dll" />
    </Deployment>
    <Execution>
      <TestTypeSpecific />
      <AgentRule name="Execution Agents">
      </AgentRule>
    </Execution>
  </TestSettings>
  <Times creation="2012-04-15T14:48:18.7717273-03:00" queuing="2012-04-15T14:48:23.3979919-03:00" start="2012-04-15T14:48:23.7620128-03:00" finish="2012-04-15T14:48:26.0021409-03:00" />
  <ResultSummary outcome="Failed">
    <Counters total="2" executed="2" passed="1" error="0" failed="1" timeout="0" aborted="0" inconclusive="0" passedButRunAborted="0" notRunnable="0" notExecuted="0" disconnected="0" warning="0" completed="0" inProgress="0" pending="0" />
  </ResultSummary>
  <TestDefinitions>
    <UnitTest name="Reglamento" storage="c:\users\silchu\documents\visual studio 2010\projects\dae-prode\dae-prode.tests\bin\debug\dae-prode.tests.dll" id="a6e09be3-e6ef-26d3-3f2a-1def75c4dcad">
      <Execution id="d477a5b4-f29a-4f53-a9e5-32820bc320a9" />
      <TestMethod codeBase="c:/users/silchu/documents/visual studio 2010/Projects/DAE-Prode/DAE-Prode.Tests/bin/Debug/DAE-Prode.Tests.DLL" adapterTypeName="Microsoft.VisualStudio.TestTools.TestTypes.Unit.UnitTestAdapter, Microsoft.VisualStudio.QualityTools.Tips.UnitTest.Adapter, Version=10.0.0.0, Culture=neutral, PublicKeyToken=b03f5f7f11d50a3a" className="DAE_Prode.Tests.Controllers.HomeControllerTest, DAE-Prode.Tests, Version=1.0.0.0, Culture=neutral, PublicKeyToken=null" name="Reglamento" />
    </UnitTest>
    <UnitTest name="Index" storage="c:\users\silchu\documents\visual studio 2010\projects\dae-prode\dae-prode.tests\bin\debug\dae-prode.tests.dll" id="4489632b-6ac8-62dc-15c0-186db1c528e5">
      <Execution id="6606c161-4377-4feb-8900-ea9447130667" />
      <TestMethod codeBase="c:/users/silchu/documents/visual studio 2010/Projects/DAE-Prode/DAE-Prode.Tests/bin/Debug/DAE-Prode.Tests.DLL" adapterTypeName="Microsoft.VisualStudio.TestTools.TestTypes.Unit.UnitTestAdapter, Microsoft.VisualStudio.QualityTools.Tips.UnitTest.Adapter, Version=10.0.0.0, Culture=neutral, PublicKeyToken=b03f5f7f11d50a3a" className="DAE_Prode.Tests.Controllers.HomeControllerTest, DAE-Prode.Tests, Version=1.0.0.0, Culture=neutral, PublicKeyToken=null" name="Index" />
    </UnitTest>
  </TestDefinitions>
  <TestLists>
    <TestList name="Results Not in a List" id="8c84fa94-04c1-424b-9868-57a2d4851a1d" />
    <TestList name="All Loaded Results" id="19431567-8539-422a-85d7-44ee4e166bda" />
  </TestLists>
  <TestEntries>
    <TestEntry testId="4489632b-6ac8-62dc-15c0-186db1c528e5" executionId="6606c161-4377-4feb-8900-ea9447130667" testListId="8c84fa94-04c1-424b-9868-57a2d4851a1d" />
    <TestEntry testId="a6e09be3-e6ef-26d3-3f2a-1def75c4dcad" executionId="d477a5b4-f29a-4f53-a9e5-32820bc320a9" testListId="8c84fa94-04c1-424b-9868-57a2d4851a1d" />
  </TestEntries>
  <Results>
    <UnitTestResult executionId="6606c161-4377-4feb-8900-ea9447130667" testId="4489632b-6ac8-62dc-15c0-186db1c528e5" testName="Index" computerName="NOTE" duration="00:00:00.9236897" startTime="2012-04-15T14:48:23.8280165-03:00" endTime="2012-04-15T14:48:25.7641273-03:00" testType="13cdc9d9-ddb5-4fa4-a97d-d965ccfc6d4b" outcome="Failed" testListId="8c84fa94-04c1-424b-9868-57a2d4851a1d" relativeResultsDirectory="6606c161-4377-4feb-8900-ea9447130667">
      <Output>
        <ErrorInfo>
          <Message>Test method DAE_Prode.Tests.Controllers.HomeControllerTest.Index threw exception: 
System.NullReferenceException: Object reference not set to an instance of an object.</Message>
          <StackTrace>    at DAE_Prode.Controllers.HomeController.Index() in c:\users\silchu\documents\visual studio 2010\Projects\DAE-Prode\DAE-Prode\Controllers\HomeController.cs:line 17
   at DAE_Prode.Tests.Controllers.HomeControllerTest.Index() in c:\users\silchu\documents\visual studio 2010\Projects\DAE-Prode\DAE-Prode.Tests\Controllers\HomeControllerTest.cs:line 25
</StackTrace>
        </ErrorInfo>
      </Output>
    </UnitTestResult>
    <UnitTestResult executionId="d477a5b4-f29a-4f53-a9e5-32820bc320a9" testId="a6e09be3-e6ef-26d3-3f2a-1def75c4dcad" testName="Reglamento" computerName="NOTE" duration="00:00:00.0057522" startTime="2012-04-15T14:48:25.7681275-03:00" endTime="2012-04-15T14:48:25.7921289-03:00" testType="13cdc9d9-ddb5-4fa4-a97d-d965ccfc6d4b" outcome="Passed" testListId="8c84fa94-04c1-424b-9868-57a2d4851a1d" relativeResultsDirectory="d477a5b4-f29a-4f53-a9e5-32820bc320a9">
    </UnitTestResult>
  </Results>
</TestRun>